2020.08.23 10:22:04 INFO  started: Metals version 0.9.3 in workspace '/Users/pavelkozlov/Developer/scala' for client vscode.
2020.08.23 10:22:07 INFO  time: initialize in 2.91s
2020.08.23 10:22:09 WARN  no build tool detected in workspace '/Users/pavelkozlov/Developer/scala'. The most common cause for this problem is that the editor was opened in the wrong working directory, for example if you use sbt then the workspace directory should contain build.sbt. 
2020.08.23 10:22:09 INFO  no build target: using presentation compiler with only scala-library
2020.08.23 10:22:13 WARN  no build target for: /Users/pavelkozlov/Developer/scala/scala1.scala
Aug 23, 2020 10:22:28 AM org.eclipse.lsp4j.jsonrpc.services.GenericEndpoint notify
INFO: Unsupported notification method: $/setTraceNotification
2020.08.23 10:22:30 WARN  no build target for: /Users/pavelkozlov/Developer/scala/scala1.scala
Aug 23, 2020 10:22:38 AM org.eclipse.lsp4j.jsonrpc.services.GenericEndpoint notify
INFO: Unsupported notification method: $/setTraceNotification
2020.08.23 10:22:53 WARN  no build target for: /Users/pavelkozlov/Developer/scala/scala1.scala
Aug 23, 2020 10:23:00 AM org.eclipse.lsp4j.jsonrpc.RemoteEndpoint handleCancellation
WARNING: Unmatched cancel notification for request id 26
2020.08.23 10:23:13 WARN  no build target for: /Users/pavelkozlov/Developer/scala/scala1.scala
2020.08.23 10:23:13 WARN  no build target for: /Users/pavelkozlov/Developer/scala/scala1.scala
2020.08.23 13:31:13 INFO  
2020.08.23 13:31:13 INFO  Template applied in /Users/pavelkozlov/Developer/scala/./scalavscode
2020.08.23 13:31:13 INFO  
2020.08.23 13:31:13 INFO  build tool exit: 0
2020.08.23 13:31:13 INFO  time: ran 'giter8.Giter8' in 8.37s
2020.08.23 13:31:19 INFO  shutting down Metals
